[0.798s] Invoking command in '/home/kyujin/lidar_ws/src/turtle_lidar': PYTHONPATH=/home/kyujin/lidar_ws/src/build/turtle_lidar/prefix_override:/usr/lib/python3/dist-packages/colcon_core/task/python/colcon_distutils_commands:/home/kyujin/lidar_ws/src/install/turtle_lidar/lib/python3.10/site-packages:${PYTHONPATH} /usr/bin/python3 -W ignore:setup.py install is deprecated -W ignore:easy_install command is deprecated setup.py egg_info --egg-base ../build/turtle_lidar build --build-base /home/kyujin/lidar_ws/src/build/turtle_lidar/build install --record /home/kyujin/lidar_ws/src/build/turtle_lidar/install.log --single-version-externally-managed install_data
[1.044s] running egg_info
[1.044s] writing ../build/turtle_lidar/turtle_lidar.egg-info/PKG-INFO
[1.045s] writing dependency_links to ../build/turtle_lidar/turtle_lidar.egg-info/dependency_links.txt
[1.046s] writing entry points to ../build/turtle_lidar/turtle_lidar.egg-info/entry_points.txt
[1.046s] writing requirements to ../build/turtle_lidar/turtle_lidar.egg-info/requires.txt
[1.046s] writing top-level names to ../build/turtle_lidar/turtle_lidar.egg-info/top_level.txt
[1.047s] reading manifest file '../build/turtle_lidar/turtle_lidar.egg-info/SOURCES.txt'
[1.049s] writing manifest file '../build/turtle_lidar/turtle_lidar.egg-info/SOURCES.txt'
[1.049s] running build
[1.049s] running build_py
[1.049s] copying turtle_lidar/lidar_publisher.py -> /home/kyujin/lidar_ws/src/build/turtle_lidar/build/lib/turtle_lidar
[1.050s] running install
[1.050s] running install_lib
[1.051s] copying /home/kyujin/lidar_ws/src/build/turtle_lidar/build/lib/turtle_lidar/lidar_publisher.py -> /home/kyujin/lidar_ws/src/install/turtle_lidar/lib/python3.10/site-packages/turtle_lidar
[1.052s] byte-compiling /home/kyujin/lidar_ws/src/install/turtle_lidar/lib/python3.10/site-packages/turtle_lidar/lidar_publisher.py to lidar_publisher.cpython-310.pyc
[1.053s] running install_data
[1.053s] running install_egg_info
[1.055s] removing '/home/kyujin/lidar_ws/src/install/turtle_lidar/lib/python3.10/site-packages/turtle_lidar-0.0.0-py3.10.egg-info' (and everything under it)
[1.056s] Copying ../build/turtle_lidar/turtle_lidar.egg-info to /home/kyujin/lidar_ws/src/install/turtle_lidar/lib/python3.10/site-packages/turtle_lidar-0.0.0-py3.10.egg-info
[1.057s] running install_scripts
[1.075s] Installing lidar_pub script to /home/kyujin/lidar_ws/src/install/turtle_lidar/lib/turtle_lidar
[1.075s] writing list of installed files to '/home/kyujin/lidar_ws/src/build/turtle_lidar/install.log'
[1.095s] Invoked command in '/home/kyujin/lidar_ws/src/turtle_lidar' returned '0': PYTHONPATH=/home/kyujin/lidar_ws/src/build/turtle_lidar/prefix_override:/usr/lib/python3/dist-packages/colcon_core/task/python/colcon_distutils_commands:/home/kyujin/lidar_ws/src/install/turtle_lidar/lib/python3.10/site-packages:${PYTHONPATH} /usr/bin/python3 -W ignore:setup.py install is deprecated -W ignore:easy_install command is deprecated setup.py egg_info --egg-base ../build/turtle_lidar build --build-base /home/kyujin/lidar_ws/src/build/turtle_lidar/build install --record /home/kyujin/lidar_ws/src/build/turtle_lidar/install.log --single-version-externally-managed install_data
