running egg_info
writing ../build/turtle_lidar/turtle_lidar.egg-info/PKG-INFO
writing dependency_links to ../build/turtle_lidar/turtle_lidar.egg-info/dependency_links.txt
writing entry points to ../build/turtle_lidar/turtle_lidar.egg-info/entry_points.txt
writing requirements to ../build/turtle_lidar/turtle_lidar.egg-info/requires.txt
writing top-level names to ../build/turtle_lidar/turtle_lidar.egg-info/top_level.txt
reading manifest file '../build/turtle_lidar/turtle_lidar.egg-info/SOURCES.txt'
writing manifest file '../build/turtle_lidar/turtle_lidar.egg-info/SOURCES.txt'
running build
running build_py
copying turtle_lidar/lidar_publisher.py -> /home/kyujin/lidar_ws/src/build/turtle_lidar/build/lib/turtle_lidar
running install
running install_lib
copying /home/kyujin/lidar_ws/src/build/turtle_lidar/build/lib/turtle_lidar/lidar_publisher.py -> /home/kyujin/lidar_ws/src/install/turtle_lidar/lib/python3.10/site-packages/turtle_lidar
byte-compiling /home/kyujin/lidar_ws/src/install/turtle_lidar/lib/python3.10/site-packages/turtle_lidar/lidar_publisher.py to lidar_publisher.cpython-310.pyc
running install_data
running install_egg_info
removing '/home/kyujin/lidar_ws/src/install/turtle_lidar/lib/python3.10/site-packages/turtle_lidar-0.0.0-py3.10.egg-info' (and everything under it)
Copying ../build/turtle_lidar/turtle_lidar.egg-info to /home/kyujin/lidar_ws/src/install/turtle_lidar/lib/python3.10/site-packages/turtle_lidar-0.0.0-py3.10.egg-info
running install_scripts
Installing lidar_pub script to /home/kyujin/lidar_ws/src/install/turtle_lidar/lib/turtle_lidar
writing list of installed files to '/home/kyujin/lidar_ws/src/build/turtle_lidar/install.log'
