[0.277s] DEBUG:colcon:Command line arguments: ['/usr/bin/colcon', 'build']
[0.278s] DEBUG:colcon:Parsed command line arguments: Namespace(log_base=None, log_level=None, verb_name='build', build_base='build', install_base='install', merge_install=False, symlink_install=False, test_result_base=None, continue_on_error=False, executor='parallel', parallel_workers=12, event_handlers=None, ignore_user_meta=False, metas=['./colcon.meta'], base_paths=['.'], packages_ignore=None, packages_ignore_regex=None, paths=None, packages_up_to=None, packages_up_to_regex=None, packages_above=None, packages_above_and_dependencies=None, packages_above_depth=None, packages_select_by_dep=None, packages_skip_by_dep=None, packages_skip_up_to=None, packages_select_build_failed=False, packages_skip_build_finished=False, packages_select_test_failures=False, packages_skip_test_passed=False, packages_select=None, packages_skip=None, packages_select_regex=None, packages_skip_regex=None, packages_start=None, packages_end=None, allow_overriding=[], cmake_args=None, cmake_target=None, cmake_target_skip_unavailable=False, cmake_clean_cache=False, cmake_clean_first=False, cmake_force_configure=False, ament_cmake_args=None, catkin_cmake_args=None, catkin_skip_building_tests=False, mixin_files=None, mixin=None, verb_parser=<colcon_mixin.mixin.mixin_argument.MixinArgumentDecorator object at 0x716dc8b94790>, verb_extension=<colcon_core.verb.build.BuildVerb object at 0x716dc8c89db0>, main=<bound method BuildVerb.main of <colcon_core.verb.build.BuildVerb object at 0x716dc8c89db0>>, mixin_verb=('build',))
[0.689s] Level 1:colcon.colcon_core.package_discovery:discover_packages(colcon_meta) check parameters
[0.689s] Level 1:colcon.colcon_core.package_discovery:discover_packages(recursive) check parameters
[0.689s] Level 1:colcon.colcon_core.package_discovery:discover_packages(ignore) check parameters
[0.689s] Level 1:colcon.colcon_core.package_discovery:discover_packages(path) check parameters
[0.689s] Level 1:colcon.colcon_core.package_discovery:discover_packages(colcon_meta) discover
[0.689s] Level 1:colcon.colcon_core.package_discovery:discover_packages(recursive) discover
[0.689s] INFO:colcon.colcon_core.package_discovery:Crawling recursively for packages in '/home/kyujin/lidar_ws/src'
[0.689s] Level 1:colcon.colcon_core.package_identification:_identify(.) by extensions ['ignore', 'ignore_ament_install']
[0.689s] Level 1:colcon.colcon_core.package_identification:_identify(.) by extension 'ignore'
[0.689s] Level 1:colcon.colcon_core.package_identification:_identify(.) by extension 'ignore_ament_install'
[0.689s] Level 1:colcon.colcon_core.package_identification:_identify(.) by extensions ['colcon_pkg']
[0.689s] Level 1:colcon.colcon_core.package_identification:_identify(.) by extension 'colcon_pkg'
[0.689s] Level 1:colcon.colcon_core.package_identification:_identify(.) by extensions ['colcon_meta']
[0.689s] Level 1:colcon.colcon_core.package_identification:_identify(.) by extension 'colcon_meta'
[0.689s] Level 1:colcon.colcon_core.package_identification:_identify(.) by extensions ['ros']
[0.689s] Level 1:colcon.colcon_core.package_identification:_identify(.) by extension 'ros'
[0.721s] Level 1:colcon.colcon_core.package_identification:_identify(.) by extensions ['cmake', 'python']
[0.721s] Level 1:colcon.colcon_core.package_identification:_identify(.) by extension 'cmake'
[0.721s] Level 1:colcon.colcon_core.package_identification:_identify(.) by extension 'python'
[0.721s] Level 1:colcon.colcon_core.package_identification:_identify(.) by extensions ['python_setup_py']
[0.721s] Level 1:colcon.colcon_core.package_identification:_identify(.) by extension 'python_setup_py'
[0.721s] Level 1:colcon.colcon_core.package_identification:_identify(build) by extensions ['ignore', 'ignore_ament_install']
[0.722s] Level 1:colcon.colcon_core.package_identification:_identify(build) by extension 'ignore'
[0.722s] Level 1:colcon.colcon_core.package_identification:_identify(build) ignored
[0.722s] Level 1:colcon.colcon_core.package_identification:_identify(install) by extensions ['ignore', 'ignore_ament_install']
[0.722s] Level 1:colcon.colcon_core.package_identification:_identify(install) by extension 'ignore'
[0.722s] Level 1:colcon.colcon_core.package_identification:_identify(install) ignored
[0.725s] Level 1:colcon.colcon_core.package_identification:_identify(lds02_dataset) by extensions ['ignore', 'ignore_ament_install']
[0.725s] Level 1:colcon.colcon_core.package_identification:_identify(lds02_dataset) by extension 'ignore'
[0.725s] Level 1:colcon.colcon_core.package_identification:_identify(lds02_dataset) by extension 'ignore_ament_install'
[0.726s] Level 1:colcon.colcon_core.package_identification:_identify(lds02_dataset) by extensions ['colcon_pkg']
[0.726s] Level 1:colcon.colcon_core.package_identification:_identify(lds02_dataset) by extension 'colcon_pkg'
[0.726s] Level 1:colcon.colcon_core.package_identification:_identify(lds02_dataset) by extensions ['colcon_meta']
[0.726s] Level 1:colcon.colcon_core.package_identification:_identify(lds02_dataset) by extension 'colcon_meta'
[0.726s] Level 1:colcon.colcon_core.package_identification:_identify(lds02_dataset) by extensions ['ros']
[0.726s] Level 1:colcon.colcon_core.package_identification:_identify(lds02_dataset) by extension 'ros'
[0.726s] Level 1:colcon.colcon_core.package_identification:_identify(lds02_dataset) by extensions ['cmake', 'python']
[0.726s] Level 1:colcon.colcon_core.package_identification:_identify(lds02_dataset) by extension 'cmake'
[0.726s] Level 1:colcon.colcon_core.package_identification:_identify(lds02_dataset) by extension 'python'
[0.726s] Level 1:colcon.colcon_core.package_identification:_identify(lds02_dataset) by extensions ['python_setup_py']
[0.726s] Level 1:colcon.colcon_core.package_identification:_identify(lds02_dataset) by extension 'python_setup_py'
[0.726s] Level 1:colcon.colcon_core.package_identification:_identify(log) by extensions ['ignore', 'ignore_ament_install']
[0.726s] Level 1:colcon.colcon_core.package_identification:_identify(log) by extension 'ignore'
[0.726s] Level 1:colcon.colcon_core.package_identification:_identify(log) ignored
[0.726s] Level 1:colcon.colcon_core.package_identification:_identify(turtle_lidar) by extensions ['ignore', 'ignore_ament_install']
[0.726s] Level 1:colcon.colcon_core.package_identification:_identify(turtle_lidar) by extension 'ignore'
[0.726s] Level 1:colcon.colcon_core.package_identification:_identify(turtle_lidar) by extension 'ignore_ament_install'
[0.726s] Level 1:colcon.colcon_core.package_identification:_identify(turtle_lidar) by extensions ['colcon_pkg']
[0.726s] Level 1:colcon.colcon_core.package_identification:_identify(turtle_lidar) by extension 'colcon_pkg'
[0.726s] Level 1:colcon.colcon_core.package_identification:_identify(turtle_lidar) by extensions ['colcon_meta']
[0.726s] Level 1:colcon.colcon_core.package_identification:_identify(turtle_lidar) by extension 'colcon_meta'
[0.726s] Level 1:colcon.colcon_core.package_identification:_identify(turtle_lidar) by extensions ['ros']
[0.726s] Level 1:colcon.colcon_core.package_identification:_identify(turtle_lidar) by extension 'ros'
[0.730s] DEBUG:colcon.colcon_core.package_identification:Package 'turtle_lidar' with type 'ros.ament_python' and name 'turtle_lidar'
[0.730s] Level 1:colcon.colcon_core.package_discovery:discover_packages(recursive) using defaults
[0.730s] Level 1:colcon.colcon_core.package_discovery:discover_packages(ignore) discover
[0.730s] Level 1:colcon.colcon_core.package_discovery:discover_packages(ignore) using defaults
[0.730s] Level 1:colcon.colcon_core.package_discovery:discover_packages(path) discover
[0.730s] Level 1:colcon.colcon_core.package_discovery:discover_packages(path) using defaults
[0.760s] Level 1:colcon.colcon_core.package_discovery:discover_packages(prefix_path) check parameters
[0.760s] Level 1:colcon.colcon_core.package_discovery:discover_packages(prefix_path) discover
[0.766s] DEBUG:colcon.colcon_installed_package_information.package_discovery:Found 3 installed packages in /home/kyujin/ros2_study/install
[0.767s] DEBUG:colcon.colcon_installed_package_information.package_discovery:Found 322 installed packages in /opt/ros/humble
[0.769s] Level 1:colcon.colcon_core.package_discovery:discover_packages(prefix_path) using defaults
[0.895s] Level 5:colcon.colcon_core.verb:set package 'turtle_lidar' build argument 'cmake_args' from command line to 'None'
[0.895s] Level 5:colcon.colcon_core.verb:set package 'turtle_lidar' build argument 'cmake_target' from command line to 'None'
[0.895s] Level 5:colcon.colcon_core.verb:set package 'turtle_lidar' build argument 'cmake_target_skip_unavailable' from command line to 'False'
[0.895s] Level 5:colcon.colcon_core.verb:set package 'turtle_lidar' build argument 'cmake_clean_cache' from command line to 'False'
[0.895s] Level 5:colcon.colcon_core.verb:set package 'turtle_lidar' build argument 'cmake_clean_first' from command line to 'False'
[0.895s] Level 5:colcon.colcon_core.verb:set package 'turtle_lidar' build argument 'cmake_force_configure' from command line to 'False'
[0.895s] Level 5:colcon.colcon_core.verb:set package 'turtle_lidar' build argument 'ament_cmake_args' from command line to 'None'
[0.895s] Level 5:colcon.colcon_core.verb:set package 'turtle_lidar' build argument 'catkin_cmake_args' from command line to 'None'
[0.895s] Level 5:colcon.colcon_core.verb:set package 'turtle_lidar' build argument 'catkin_skip_building_tests' from command line to 'False'
[0.895s] DEBUG:colcon.colcon_core.verb:Building package 'turtle_lidar' with the following arguments: {'ament_cmake_args': None, 'build_base': '/home/kyujin/lidar_ws/src/build/turtle_lidar', 'catkin_cmake_args': None, 'catkin_skip_building_tests': False, 'cmake_args': None, 'cmake_clean_cache': False, 'cmake_clean_first': False, 'cmake_force_configure': False, 'cmake_target': None, 'cmake_target_skip_unavailable': False, 'install_base': '/home/kyujin/lidar_ws/src/install/turtle_lidar', 'merge_install': False, 'path': '/home/kyujin/lidar_ws/src/turtle_lidar', 'symlink_install': False, 'test_result_base': None}
[0.895s] INFO:colcon.colcon_core.executor:Executing jobs using 'parallel' executor
[0.896s] DEBUG:colcon.colcon_parallel_executor.executor.parallel:run_until_complete
[0.896s] INFO:colcon.colcon_ros.task.ament_python.build:Building ROS package in '/home/kyujin/lidar_ws/src/turtle_lidar' with build type 'ament_python'
[0.896s] Level 1:colcon.colcon_core.shell:create_environment_hook('turtle_lidar', 'ament_prefix_path')
[0.906s] INFO:colcon.colcon_core.plugin_system:Skipping extension 'colcon_core.shell.bat': Not used on non-Windows systems
[0.906s] INFO:colcon.colcon_core.shell:Creating environment hook '/home/kyujin/lidar_ws/src/install/turtle_lidar/share/turtle_lidar/hook/ament_prefix_path.ps1'
[0.912s] INFO:colcon.colcon_core.shell:Creating environment descriptor '/home/kyujin/lidar_ws/src/install/turtle_lidar/share/turtle_lidar/hook/ament_prefix_path.dsv'
[0.912s] INFO:colcon.colcon_core.shell:Creating environment hook '/home/kyujin/lidar_ws/src/install/turtle_lidar/share/turtle_lidar/hook/ament_prefix_path.sh'
[0.915s] INFO:colcon.colcon_core.shell:Skip shell extension 'powershell' for command environment: Not usable outside of PowerShell
[0.915s] DEBUG:colcon.colcon_core.shell:Skip shell extension 'dsv' for command environment
[1.179s] INFO:colcon.colcon_core.task.python.build:Building Python package in '/home/kyujin/lidar_ws/src/turtle_lidar'
[1.180s] INFO:colcon.colcon_core.shell:Skip shell extension 'powershell' for command environment: Not usable outside of PowerShell
[1.180s] DEBUG:colcon.colcon_core.shell:Skip shell extension 'dsv' for command environment
[1.640s] DEBUG:colcon.colcon_core.event_handler.log_command:Invoking command in '/home/kyujin/lidar_ws/src/turtle_lidar': PYTHONPATH=/home/kyujin/lidar_ws/src/build/turtle_lidar/prefix_override:/usr/lib/python3/dist-packages/colcon_core/task/python/colcon_distutils_commands:/home/kyujin/lidar_ws/src/install/turtle_lidar/lib/python3.10/site-packages:${PYTHONPATH} /usr/bin/python3 -W ignore:setup.py install is deprecated -W ignore:easy_install command is deprecated setup.py egg_info --egg-base ../build/turtle_lidar build --build-base /home/kyujin/lidar_ws/src/build/turtle_lidar/build install --record /home/kyujin/lidar_ws/src/build/turtle_lidar/install.log --single-version-externally-managed install_data
[1.916s] DEBUG:colcon.colcon_core.event_handler.log_command:Invoked command in '/home/kyujin/lidar_ws/src/turtle_lidar' returned '0': PYTHONPATH=/home/kyujin/lidar_ws/src/build/turtle_lidar/prefix_override:/usr/lib/python3/dist-packages/colcon_core/task/python/colcon_distutils_commands:/home/kyujin/lidar_ws/src/install/turtle_lidar/lib/python3.10/site-packages:${PYTHONPATH} /usr/bin/python3 -W ignore:setup.py install is deprecated -W ignore:easy_install command is deprecated setup.py egg_info --egg-base ../build/turtle_lidar build --build-base /home/kyujin/lidar_ws/src/build/turtle_lidar/build install --record /home/kyujin/lidar_ws/src/build/turtle_lidar/install.log --single-version-externally-managed install_data
[1.926s] Level 1:colcon.colcon_core.environment:checking '/home/kyujin/lidar_ws/src/install/turtle_lidar' for CMake module files
[1.927s] Level 1:colcon.colcon_core.environment:checking '/home/kyujin/lidar_ws/src/install/turtle_lidar' for CMake config files
[1.927s] Level 1:colcon.colcon_core.environment:checking '/home/kyujin/lidar_ws/src/install/turtle_lidar/lib'
[1.927s] Level 1:colcon.colcon_core.environment:checking '/home/kyujin/lidar_ws/src/install/turtle_lidar/bin'
[1.927s] Level 1:colcon.colcon_core.environment:checking '/home/kyujin/lidar_ws/src/install/turtle_lidar/lib/pkgconfig/turtle_lidar.pc'
[1.927s] Level 1:colcon.colcon_core.environment:checking '/home/kyujin/lidar_ws/src/install/turtle_lidar/lib/python3.10/site-packages'
[1.928s] Level 1:colcon.colcon_core.shell:create_environment_hook('turtle_lidar', 'pythonpath')
[1.928s] INFO:colcon.colcon_core.shell:Creating environment hook '/home/kyujin/lidar_ws/src/install/turtle_lidar/share/turtle_lidar/hook/pythonpath.ps1'
[1.928s] INFO:colcon.colcon_core.shell:Creating environment descriptor '/home/kyujin/lidar_ws/src/install/turtle_lidar/share/turtle_lidar/hook/pythonpath.dsv'
[1.928s] INFO:colcon.colcon_core.shell:Creating environment hook '/home/kyujin/lidar_ws/src/install/turtle_lidar/share/turtle_lidar/hook/pythonpath.sh'
[1.929s] Level 1:colcon.colcon_core.environment:checking '/home/kyujin/lidar_ws/src/install/turtle_lidar/bin'
[1.929s] Level 1:colcon.colcon_core.environment:create_environment_scripts_only(turtle_lidar)
[1.929s] INFO:colcon.colcon_core.shell:Creating package script '/home/kyujin/lidar_ws/src/install/turtle_lidar/share/turtle_lidar/package.ps1'
[1.930s] INFO:colcon.colcon_core.shell:Creating package descriptor '/home/kyujin/lidar_ws/src/install/turtle_lidar/share/turtle_lidar/package.dsv'
[1.931s] INFO:colcon.colcon_core.shell:Creating package script '/home/kyujin/lidar_ws/src/install/turtle_lidar/share/turtle_lidar/package.sh'
[1.932s] INFO:colcon.colcon_core.shell:Creating package script '/home/kyujin/lidar_ws/src/install/turtle_lidar/share/turtle_lidar/package.bash'
[1.934s] INFO:colcon.colcon_core.shell:Creating package script '/home/kyujin/lidar_ws/src/install/turtle_lidar/share/turtle_lidar/package.zsh'
[1.935s] Level 1:colcon.colcon_core.environment:create_file_with_runtime_dependencies(/home/kyujin/lidar_ws/src/install/turtle_lidar/share/colcon-core/packages/turtle_lidar)
[1.936s] DEBUG:colcon.colcon_parallel_executor.executor.parallel:closing loop
[1.936s] DEBUG:colcon.colcon_parallel_executor.executor.parallel:loop closed
[1.936s] DEBUG:colcon.colcon_parallel_executor.executor.parallel:run_until_complete finished with '0'
[1.936s] DEBUG:colcon.colcon_core.event_reactor:joining thread
[1.965s] INFO:colcon.colcon_core.plugin_system:Skipping extension 'colcon_notification.desktop_notification.notify_send': Could not find 'notify-send'
[1.965s] INFO:colcon.colcon_core.plugin_system:Skipping extension 'colcon_notification.desktop_notification.terminal_notifier': Not used on non-Darwin systems
[1.966s] INFO:colcon.colcon_core.plugin_system:Skipping extension 'colcon_notification.desktop_notification.win32': Not used on non-Windows systems
[1.966s] INFO:colcon.colcon_notification.desktop_notification:Sending desktop notification using 'notify2'
[1.966s] DEBUG:colcon.colcon_notification.desktop_notification.notify2:Failed to initialize notify2: org.freedesktop.DBus.Error.FileNotFound: Failed to connect to socket /run/user/1000/bus: No such file or directory
[1.966s] DEBUG:colcon.colcon_core.event_reactor:joined thread
[1.966s] INFO:colcon.colcon_core.shell:Creating prefix script '/home/kyujin/lidar_ws/src/install/local_setup.ps1'
[1.967s] INFO:colcon.colcon_core.shell:Creating prefix util module '/home/kyujin/lidar_ws/src/install/_local_setup_util_ps1.py'
[1.969s] INFO:colcon.colcon_core.shell:Creating prefix chain script '/home/kyujin/lidar_ws/src/install/setup.ps1'
[1.970s] INFO:colcon.colcon_core.shell:Creating prefix script '/home/kyujin/lidar_ws/src/install/local_setup.sh'
[1.971s] INFO:colcon.colcon_core.shell:Creating prefix util module '/home/kyujin/lidar_ws/src/install/_local_setup_util_sh.py'
[1.972s] INFO:colcon.colcon_core.shell:Creating prefix chain script '/home/kyujin/lidar_ws/src/install/setup.sh'
[1.973s] INFO:colcon.colcon_core.shell:Creating prefix script '/home/kyujin/lidar_ws/src/install/local_setup.bash'
[1.974s] INFO:colcon.colcon_core.shell:Creating prefix chain script '/home/kyujin/lidar_ws/src/install/setup.bash'
[1.976s] INFO:colcon.colcon_core.shell:Creating prefix script '/home/kyujin/lidar_ws/src/install/local_setup.zsh'
[1.977s] INFO:colcon.colcon_core.shell:Creating prefix chain script '/home/kyujin/lidar_ws/src/install/setup.zsh'
