[0.744s] Invoking command in '/home/kyujin/lidar_ws/src/turtle_lidar': PYTHONPATH=/home/kyujin/lidar_ws/src/build/turtle_lidar/prefix_override:/usr/lib/python3/dist-packages/colcon_core/task/python/colcon_distutils_commands:/home/kyujin/lidar_ws/src/install/turtle_lidar/lib/python3.10/site-packages:${PYTHONPATH} /usr/bin/python3 -W ignore:setup.py install is deprecated -W ignore:easy_install command is deprecated setup.py egg_info --egg-base ../build/turtle_lidar build --build-base /home/kyujin/lidar_ws/src/build/turtle_lidar/build install --record /home/kyujin/lidar_ws/src/build/turtle_lidar/install.log --single-version-externally-managed install_data
[0.971s] running egg_info
[0.971s] creating ../build/turtle_lidar/turtle_lidar.egg-info
[0.972s] writing ../build/turtle_lidar/turtle_lidar.egg-info/PKG-INFO
[0.972s] writing dependency_links to ../build/turtle_lidar/turtle_lidar.egg-info/dependency_links.txt
[0.972s] writing entry points to ../build/turtle_lidar/turtle_lidar.egg-info/entry_points.txt
[0.972s] writing requirements to ../build/turtle_lidar/turtle_lidar.egg-info/requires.txt
[0.973s] writing top-level names to ../build/turtle_lidar/turtle_lidar.egg-info/top_level.txt
[0.973s] writing manifest file '../build/turtle_lidar/turtle_lidar.egg-info/SOURCES.txt'
[0.974s] reading manifest file '../build/turtle_lidar/turtle_lidar.egg-info/SOURCES.txt'
[0.975s] writing manifest file '../build/turtle_lidar/turtle_lidar.egg-info/SOURCES.txt'
[0.975s] running build
[0.975s] running build_py
[0.975s] creating /home/kyujin/lidar_ws/src/build/turtle_lidar/build
[0.975s] creating /home/kyujin/lidar_ws/src/build/turtle_lidar/build/lib
[0.976s] creating /home/kyujin/lidar_ws/src/build/turtle_lidar/build/lib/turtle_lidar
[0.976s] copying turtle_lidar/lidar_publisher.py -> /home/kyujin/lidar_ws/src/build/turtle_lidar/build/lib/turtle_lidar
[0.976s] copying turtle_lidar/__init__.py -> /home/kyujin/lidar_ws/src/build/turtle_lidar/build/lib/turtle_lidar
[0.977s] running install
[0.977s] running install_lib
[0.978s] creating /home/kyujin/lidar_ws/src/install/turtle_lidar/lib/python3.10/site-packages/turtle_lidar
[0.978s] copying /home/kyujin/lidar_ws/src/build/turtle_lidar/build/lib/turtle_lidar/lidar_publisher.py -> /home/kyujin/lidar_ws/src/install/turtle_lidar/lib/python3.10/site-packages/turtle_lidar
[0.978s] copying /home/kyujin/lidar_ws/src/build/turtle_lidar/build/lib/turtle_lidar/__init__.py -> /home/kyujin/lidar_ws/src/install/turtle_lidar/lib/python3.10/site-packages/turtle_lidar
[0.979s] byte-compiling /home/kyujin/lidar_ws/src/install/turtle_lidar/lib/python3.10/site-packages/turtle_lidar/lidar_publisher.py to lidar_publisher.cpython-310.pyc
[0.979s] byte-compiling /home/kyujin/lidar_ws/src/install/turtle_lidar/lib/python3.10/site-packages/turtle_lidar/__init__.py to __init__.cpython-310.pyc
[0.980s] running install_data
[0.980s] creating /home/kyujin/lidar_ws/src/install/turtle_lidar/share/ament_index
[0.980s] creating /home/kyujin/lidar_ws/src/install/turtle_lidar/share/ament_index/resource_index
[0.980s] creating /home/kyujin/lidar_ws/src/install/turtle_lidar/share/ament_index/resource_index/packages
[0.981s] copying resource/turtle_lidar -> /home/kyujin/lidar_ws/src/install/turtle_lidar/share/ament_index/resource_index/packages
[0.981s] copying package.xml -> /home/kyujin/lidar_ws/src/install/turtle_lidar/share/turtle_lidar
[0.981s] running install_egg_info
[0.983s] Copying ../build/turtle_lidar/turtle_lidar.egg-info to /home/kyujin/lidar_ws/src/install/turtle_lidar/lib/python3.10/site-packages/turtle_lidar-0.0.0-py3.10.egg-info
[0.984s] running install_scripts
[1.000s] Installing lidar_pub script to /home/kyujin/lidar_ws/src/install/turtle_lidar/lib/turtle_lidar
[1.000s] writing list of installed files to '/home/kyujin/lidar_ws/src/build/turtle_lidar/install.log'
[1.019s] Invoked command in '/home/kyujin/lidar_ws/src/turtle_lidar' returned '0': PYTHONPATH=/home/kyujin/lidar_ws/src/build/turtle_lidar/prefix_override:/usr/lib/python3/dist-packages/colcon_core/task/python/colcon_distutils_commands:/home/kyujin/lidar_ws/src/install/turtle_lidar/lib/python3.10/site-packages:${PYTHONPATH} /usr/bin/python3 -W ignore:setup.py install is deprecated -W ignore:easy_install command is deprecated setup.py egg_info --egg-base ../build/turtle_lidar build --build-base /home/kyujin/lidar_ws/src/build/turtle_lidar/build install --record /home/kyujin/lidar_ws/src/build/turtle_lidar/install.log --single-version-externally-managed install_data
